This file contains any messages produced by compilers while
running configure, to aid debugging if configure makes a mistake.

It was created by readline configure 5.0-rc1, which was
generated by GNU Autoconf 2.57.  Invocation command line was

  $ ./configure 

## --------- ##
## Platform. ##
## --------- ##

hostname = andrea-XPS-13
uname -m = x86_64
uname -r = 4.15.0-42-generic
uname -s = Linux
uname -v = #45-Ubuntu SMP Thu Nov 15 19:32:57 UTC 2018

/usr/bin/uname -p = unknown
/bin/uname -X     = unknown

/bin/arch              = unknown
/usr/bin/arch -k       = unknown
/usr/convex/getsysinfo = unknown
hostinfo               = unknown
/bin/machine           = unknown
/usr/bin/oslevel       = unknown
/bin/universe          = unknown

PATH: /home/andrea/Dropbox/utils/mseed2sac-2.2
PATH: /home/andrea/Dropbox/utils/mineos-1.0.2
PATH: /home/andrea/Dropbox/Work/NERC_Project_UCL/lib
PATH: /home/andrea/Dropbox/utils/sac2asc
PATH: /home/andrea/Dropbox/Work/NERC_Project_UCL/Real_data_inversion/TEMPSEIS_package_v1.2/lib/seis_process/bin
PATH: /home/andrea/Dropbox/Work/Ellipticity_UCL/lib/MAMBo_package_fast/MAMBo_package
PATH: /usr/local/Geopsy.org/bin
PATH: /home/andrea/Dropbox/utils/ingv_data_client
PATH: /home/andrea/Dropbox/utils/xy2sac/
PATH: /home/andrea/Dropbox/utils/mseed2sac/mseed2sac-2.0
PATH: /home/andrea/utils/MatLab/bin
PATH: /home/andrea/anaconda2/bin
PATH: /home/andrea/Dropbox/utils/rdseedv5.3.1
PATH: /home/andrea/Dropbox/utils/herrmann/PROGRAMS.330/bin
PATH: /home/andrea/Dropbox/utils/sac/bin
PATH: /home/andrea/.local/bin
PATH: /usr/local/sbin
PATH: /usr/local/bin
PATH: /usr/sbin
PATH: /usr/bin
PATH: /sbin
PATH: /bin
PATH: /usr/games
PATH: /usr/local/games
PATH: /snap/bin


## ----------- ##
## Core tests. ##
## ----------- ##

configure:1328: checking build system type
configure:1346: result: x86_64-unknown-linux-gnu
configure:1354: checking host system type
configure:1368: result: x86_64-unknown-linux-gnu
configure:1424: checking whether make sets $(MAKE)
configure:1444: result: yes
configure:1499: checking for gcc
configure:1515: found /usr/bin/gcc
configure:1525: result: gcc
configure:1769: checking for C compiler version
configure:1772: gcc --version </dev/null >&5
gcc (Ubuntu 7.3.0-27ubuntu1~18.04) 7.3.0
Copyright (C) 2017 Free Software Foundation, Inc.
This is free software; see the source for copying conditions.  There is NO
warranty; not even for MERCHANTABILITY or FITNESS FOR A PARTICULAR PURPOSE.

configure:1775: $? = 0
configure:1777: gcc -v </dev/null >&5
Using built-in specs.
COLLECT_GCC=gcc
COLLECT_LTO_WRAPPER=/usr/lib/gcc/x86_64-linux-gnu/7/lto-wrapper
OFFLOAD_TARGET_NAMES=nvptx-none
OFFLOAD_TARGET_DEFAULT=1
Target: x86_64-linux-gnu
Configured with: ../src/configure -v --with-pkgversion='Ubuntu 7.3.0-27ubuntu1~18.04' --with-bugurl=file:///usr/share/doc/gcc-7/README.Bugs --enable-languages=c,ada,c++,go,brig,d,fortran,objc,obj-c++ --prefix=/usr --with-gcc-major-version-only --program-suffix=-7 --program-prefix=x86_64-linux-gnu- --enable-shared --enable-linker-build-id --libexecdir=/usr/lib --without-included-gettext --enable-threads=posix --libdir=/usr/lib --enable-nls --with-sysroot=/ --enable-clocale=gnu --enable-libstdcxx-debug --enable-libstdcxx-time=yes --with-default-libstdcxx-abi=new --enable-gnu-unique-object --disable-vtable-verify --enable-libmpx --enable-plugin --enable-default-pie --with-system-zlib --with-target-system-zlib --enable-objc-gc=auto --enable-multiarch --disable-werror --with-arch-32=i686 --with-abi=m64 --with-multilib-list=m32,m64,mx32 --enable-multilib --with-tune=generic --enable-offload-targets=nvptx-none --without-cuda-driver --enable-checking=release --build=x86_64-linux-gnu --host=x86_64-linux-gnu --target=x86_64-linux-gnu
Thread model: posix
gcc version 7.3.0 (Ubuntu 7.3.0-27ubuntu1~18.04) 
configure:1780: $? = 0
configure:1782: gcc -V </dev/null >&5
gcc: error: unrecognized command line option '-V'
gcc: fatal error: no input files
compilation terminated.
configure:1785: $? = 1
configure:1809: checking for C compiler default output
configure:1812: gcc -g   conftest.c  >&5
configure:1815: $? = 0
configure:1861: result: a.out
configure:1866: checking whether the C compiler works
configure:1872: ./a.out
configure:1875: $? = 0
configure:1892: result: yes
configure:1899: checking whether we are cross compiling
configure:1901: result: no
configure:1904: checking for suffix of executables
configure:1906: gcc -o conftest -g   conftest.c  >&5
configure:1909: $? = 0
configure:1934: result: 
configure:1940: checking for suffix of object files
configure:1962: gcc -c -g  conftest.c >&5
configure:1965: $? = 0
configure:1987: result: o
configure:1991: checking whether we are using the GNU C compiler
configure:2016: gcc -c -g  conftest.c >&5
configure:2019: $? = 0
configure:2022: test -s conftest.o
configure:2025: $? = 0
configure:2038: result: yes
configure:2044: checking whether gcc accepts -g
configure:2066: gcc -c -g  conftest.c >&5
configure:2069: $? = 0
configure:2072: test -s conftest.o
configure:2075: $? = 0
configure:2086: result: yes
configure:2103: checking for gcc option to accept ANSI C
configure:2164: gcc  -c -g  conftest.c >&5
configure:2167: $? = 0
configure:2170: test -s conftest.o
configure:2173: $? = 0
configure:2191: result: none needed
configure:2209: gcc -c -g  conftest.c >&5
conftest.c:2:3: error: unknown type name 'choke'
   choke me
   ^~~~~
conftest.c:2:3: error: expected '=', ',', ';', 'asm' or '__attribute__' at end of input
configure:2212: $? = 1
configure: failed program was:
| #ifndef __cplusplus
|   choke me
| #endif
configure:2327: checking how to run the C preprocessor
configure:2363: gcc -E  conftest.c
configure:2369: $? = 0
configure:2401: gcc -E  conftest.c
configure:2400:10: fatal error: ac_nonexistent.h: No such file or directory
 _ACEOF
          ^                 
compilation terminated.
configure:2407: $? = 1
configure: failed program was:
| #line 2392 "configure"
| /* confdefs.h.  */
| 
| #define PACKAGE_NAME "readline"
| #define PACKAGE_TARNAME "readline"
| #define PACKAGE_VERSION "5.0-rc1"
| #define PACKAGE_STRING "readline 5.0-rc1"
| #define PACKAGE_BUGREPORT "bug-readline@gnu.org"
| /* end confdefs.h.  */
| #include <ac_nonexistent.h>
configure:2445: result: gcc -E
configure:2470: gcc -E  conftest.c
configure:2476: $? = 0
configure:2508: gcc -E  conftest.c
configure:2507:10: fatal error: ac_nonexistent.h: No such file or directory
 _ACEOF
          ^                 
compilation terminated.
configure:2514: $? = 1
configure: failed program was:
| #line 2499 "configure"
| /* confdefs.h.  */
| 
| #define PACKAGE_NAME "readline"
| #define PACKAGE_TARNAME "readline"
| #define PACKAGE_VERSION "5.0-rc1"
| #define PACKAGE_STRING "readline 5.0-rc1"
| #define PACKAGE_BUGREPORT "bug-readline@gnu.org"
| /* end confdefs.h.  */
| #include <ac_nonexistent.h>
configure:2557: checking for egrep
configure:2567: result: grep -E
configure:2572: checking for ANSI C header files
configure:2598: gcc -c -g  conftest.c >&5
configure:2601: $? = 0
configure:2604: test -s conftest.o
configure:2607: $? = 0
configure:2699: gcc -o conftest -g   conftest.c  >&5
configure: In function 'main':
configure:2692:7: warning: implicit declaration of function 'exit' [-Wimplicit-function-declaration]
     if (XOR (islower (i), ISLOWER (i))
       ^~~~
configure:2692:7: warning: incompatible implicit declaration of built-in function 'exit'
configure:2692:7: note: include '<stdlib.h>' or provide a declaration of 'exit'
configure:2693:3: warning: incompatible implicit declaration of built-in function 'exit'
         || toupper (i) != TOUPPER (i))
   ^   
configure:2693:3: note: include '<stdlib.h>' or provide a declaration of 'exit'
configure:2702: $? = 0
configure:2704: ./conftest
configure:2707: $? = 0
configure:2722: result: yes
configure:2746: checking for sys/types.h
configure:2763: gcc -c -g  conftest.c >&5
configure:2766: $? = 0
configure:2769: test -s conftest.o
configure:2772: $? = 0
configure:2783: result: yes
configure:2746: checking for sys/stat.h
configure:2763: gcc -c -g  conftest.c >&5
configure:2766: $? = 0
configure:2769: test -s conftest.o
configure:2772: $? = 0
configure:2783: result: yes
configure:2746: checking for stdlib.h
configure:2763: gcc -c -g  conftest.c >&5
configure:2766: $? = 0
configure:2769: test -s conftest.o
configure:2772: $? = 0
configure:2783: result: yes
configure:2746: checking for string.h
configure:2763: gcc -c -g  conftest.c >&5
configure:2766: $? = 0
configure:2769: test -s conftest.o
configure:2772: $? = 0
configure:2783: result: yes
configure:2746: checking for memory.h
configure:2763: gcc -c -g  conftest.c >&5
configure:2766: $? = 0
configure:2769: test -s conftest.o
configure:2772: $? = 0
configure:2783: result: yes
configure:2746: checking for strings.h
configure:2763: gcc -c -g  conftest.c >&5
configure:2766: $? = 0
configure:2769: test -s conftest.o
configure:2772: $? = 0
configure:2783: result: yes
configure:2746: checking for inttypes.h
configure:2763: gcc -c -g  conftest.c >&5
configure:2766: $? = 0
configure:2769: test -s conftest.o
configure:2772: $? = 0
configure:2783: result: yes
configure:2746: checking for stdint.h
configure:2763: gcc -c -g  conftest.c >&5
configure:2766: $? = 0
configure:2769: test -s conftest.o
configure:2772: $? = 0
configure:2783: result: yes
configure:2746: checking for unistd.h
configure:2763: gcc -c -g  conftest.c >&5
configure:2766: $? = 0
configure:2769: test -s conftest.o
configure:2772: $? = 0
configure:2783: result: yes
configure:2805: checking minix/config.h usability
configure:2818: gcc -c -g  conftest.c >&5
configure:2859:10: fatal error: minix/config.h: No such file or directory
   (exit $ac_status); } >/dev/null; then
          ^~~~~~~~~~~~~~~~
compilation terminated.
configure:2821: $? = 1
configure: failed program was:
| #line 2807 "configure"
| /* confdefs.h.  */
| 
| #define PACKAGE_NAME "readline"
| #define PACKAGE_TARNAME "readline"
| #define PACKAGE_VERSION "5.0-rc1"
| #define PACKAGE_STRING "readline 5.0-rc1"
| #define PACKAGE_BUGREPORT "bug-readline@gnu.org"
| #define STDC_HEADERS 1
| #define HAVE_SYS_TYPES_H 1
| #define HAVE_SYS_STAT_H 1
| #define HAVE_STDLIB_H 1
| #define HAVE_STRING_H 1
| #define HAVE_MEMORY_H 1
| #define HAVE_STRINGS_H 1
| #define HAVE_INTTYPES_H 1
| #define HAVE_STDINT_H 1
| #define HAVE_UNISTD_H 1
| /* end confdefs.h.  */
| #include <stdio.h>
| #if HAVE_SYS_TYPES_H
| # include <sys/types.h>
| #endif
| #if HAVE_SYS_STAT_H
| # include <sys/stat.h>
| #endif
| #if STDC_HEADERS
| # include <stdlib.h>
| # include <stddef.h>
| #else
| # if HAVE_STDLIB_H
| #  include <stdlib.h>
| # endif
| #endif
| #if HAVE_STRING_H
| # if !STDC_HEADERS && HAVE_MEMORY_H
| #  include <memory.h>
| # endif
| # include <string.h>
| #endif
| #if HAVE_STRINGS_H
| # include <strings.h>
| #endif
| #if HAVE_INTTYPES_H
| # include <inttypes.h>
| #else
| # if HAVE_STDINT_H
| #  include <stdint.h>
| # endif
| #endif
| #if HAVE_UNISTD_H
| # include <unistd.h>
| #endif
| #include <minix/config.h>
configure:2837: result: no
configure:2841: checking minix/config.h presence
configure:2852: gcc -E  conftest.c
configure:2861:10: fatal error: minix/config.h: No such file or directory
     ac_cpp_err=$ac_c_preproc_warn_flag
          ^~~~~~~~~~~~~~~~
compilation terminated.
configure:2858: $? = 1
configure: failed program was:
| #line 2843 "configure"
| /* confdefs.h.  */
| 
| #define PACKAGE_NAME "readline"
| #define PACKAGE_TARNAME "readline"
| #define PACKAGE_VERSION "5.0-rc1"
| #define PACKAGE_STRING "readline 5.0-rc1"
| #define PACKAGE_BUGREPORT "bug-readline@gnu.org"
| #define STDC_HEADERS 1
| #define HAVE_SYS_TYPES_H 1
| #define HAVE_SYS_STAT_H 1
| #define HAVE_STDLIB_H 1
| #define HAVE_STRING_H 1
| #define HAVE_MEMORY_H 1
| #define HAVE_STRINGS_H 1
| #define HAVE_INTTYPES_H 1
| #define HAVE_STDINT_H 1
| #define HAVE_UNISTD_H 1
| /* end confdefs.h.  */
| #include <minix/config.h>
configure:2877: result: no
configure:2913: checking for minix/config.h
configure:2920: result: no
configure:2954: checking whether gcc needs -traditional
configure:2998: result: no
configure:3017: checking for a BSD-compatible install
configure:3071: result: /usr/bin/install -c
configure:3084: checking for ar
configure:3100: found /usr/bin/ar
configure:3111: result: ar
configure:3160: checking for ranlib
configure:3176: found /usr/bin/ranlib
configure:3187: result: ranlib
configure:3203: checking for an ANSI C-conforming const
configure:3271: gcc -c -g -O  conftest.c >&5
configure:3274: $? = 0
configure:3277: test -s conftest.o
configure:3280: $? = 0
configure:3291: result: yes
configure:3301: checking for function prototypes
configure:3304: result: yes
configure:3322: checking whether char is unsigned
configure:3346: gcc -c -g -O  conftest.c >&5
configure:3349: $? = 0
configure:3352: test -s conftest.o
configure:3355: $? = 0
configure:3366: result: no
configure:3376: checking return type of signal handlers
configure:3408: gcc -c -g -O  conftest.c >&5
configure:3411: $? = 0
configure:3414: test -s conftest.o
configure:3417: $? = 0
configure:3428: result: void
configure:3437: checking for size_t
configure:3462: gcc -c -g -O  conftest.c >&5
configure:3465: $? = 0
configure:3468: test -s conftest.o
configure:3471: $? = 0
configure:3482: result: yes
configure:3494: checking for ssize_t
configure:3519: gcc -c -g -O  conftest.c >&5
configure:3522: $? = 0
configure:3525: test -s conftest.o
configure:3528: $? = 0
configure:3539: result: yes
configure:3552: checking for ANSI C header files
configure:3702: result: yes
configure:3713: checking whether stat file-mode macros are broken
configure:3762: result: no
configure:3780: checking for dirent.h that defines DIR
configure:3805: gcc -c -g -O  conftest.c >&5
configure:3808: $? = 0
configure:3811: test -s conftest.o
configure:3814: $? = 0
configure:3825: result: yes
configure:3838: checking for library containing opendir
configure:3869: gcc -o conftest -g -O   conftest.c  >&5
configure:3872: $? = 0
configure:3875: test -s conftest
configure:3878: $? = 0
configure:3937: result: none required
configure:4070: checking for lstat
configure:4120: gcc -o conftest -g -O   conftest.c  >&5
configure:4123: $? = 0
configure:4126: test -s conftest
configure:4129: $? = 0
configure:4140: result: yes
configure:4070: checking for memmove
configure:4120: gcc -o conftest -g -O   conftest.c  >&5
configure:4115:6: warning: conflicting types for built-in function 'memmove' [-Wbuiltin-declaration-mismatch]
   ;
      ^      
configure:4123: $? = 0
configure:4126: test -s conftest
configure:4129: $? = 0
configure:4140: result: yes
configure:4070: checking for putenv
configure:4120: gcc -o conftest -g -O   conftest.c  >&5
configure:4123: $? = 0
configure:4126: test -s conftest
configure:4129: $? = 0
configure:4140: result: yes
configure:4070: checking for select
configure:4120: gcc -o conftest -g -O   conftest.c  >&5
configure:4123: $? = 0
configure:4126: test -s conftest
configure:4129: $? = 0
configure:4140: result: yes
configure:4070: checking for setenv
configure:4120: gcc -o conftest -g -O   conftest.c  >&5
configure:4123: $? = 0
configure:4126: test -s conftest
configure:4129: $? = 0
configure:4140: result: yes
configure:4070: checking for setlocale
configure:4120: gcc -o conftest -g -O   conftest.c  >&5
configure:4123: $? = 0
configure:4126: test -s conftest
configure:4129: $? = 0
configure:4140: result: yes
configure:4070: checking for strcasecmp
configure:4120: gcc -o conftest -g -O   conftest.c  >&5
configure:4120:6: warning: conflicting types for built-in function 'strcasecmp' [-Wbuiltin-declaration-mismatch]
 if { (eval echo "$as_me:$LINENO: \"$ac_link\"") >&5
      ^~~~~~~~~~
configure:4123: $? = 0
configure:4126: test -s conftest
configure:4129: $? = 0
configure:4140: result: yes
configure:4070: checking for strpbrk
configure:4120: gcc -o conftest -g -O   conftest.c  >&5
configure:4121:6: warning: conflicting types for built-in function 'strpbrk' [-Wbuiltin-declaration-mismatch]
   (eval $ac_link) 2>&5
      ^~~~~~~
configure:4123: $? = 0
configure:4126: test -s conftest
configure:4129: $? = 0
configure:4140: result: yes
configure:4070: checking for tcgetattr
configure:4120: gcc -o conftest -g -O   conftest.c  >&5
configure:4123: $? = 0
configure:4126: test -s conftest
configure:4129: $? = 0
configure:4140: result: yes
configure:4070: checking for vsnprintf
configure:4120: gcc -o conftest -g -O   conftest.c  >&5
configure:4123:6: warning: conflicting types for built-in function 'vsnprintf' [-Wbuiltin-declaration-mismatch]
   echo "$as_me:$LINENO: \$? = $ac_status" >&5
      ^~~~~~~~~
configure:4123: $? = 0
configure:4126: test -s conftest
configure:4129: $? = 0
configure:4140: result: yes
configure:4070: checking for isascii
configure:4120: gcc -o conftest -g -O   conftest.c  >&5
configure:4124:6: warning: conflicting types for built-in function 'isascii' [-Wbuiltin-declaration-mismatch]
   (exit $ac_status); } &&
      ^~~~~~~
configure:4123: $? = 0
configure:4126: test -s conftest
configure:4129: $? = 0
configure:4140: result: yes
configure:4070: checking for isxdigit
configure:4120: gcc -o conftest -g -O   conftest.c  >&5
configure:4125:6: warning: conflicting types for built-in function 'isxdigit' [-Wbuiltin-declaration-mismatch]
          { ac_try='test -s conftest$ac_exeext'
      ^   ~~~~
configure:4123: $? = 0
configure:4126: test -s conftest
configure:4129: $? = 0
configure:4140: result: yes
configure:4151: checking for working strcoll
configure:4178: gcc -o conftest -g -O   conftest.c  >&5
configure:4181: $? = 0
configure:4183: ./conftest
configure:4186: $? = 0
configure:4200: result: yes
configure:4234: checking for unistd.h
configure:4239: result: yes
configure:4234: checking for stdlib.h
configure:4239: result: yes
configure:4243: checking varargs.h usability
configure:4256: gcc -c -g -O  conftest.c >&5
In file included from configure:4317:0:
/usr/lib/gcc/x86_64-linux-gnu/7/include/varargs.h:4:2: error: #error "GCC no longer implements <varargs.h>."
 #error "GCC no longer implements <varargs.h>."
  ^~~~~
/usr/lib/gcc/x86_64-linux-gnu/7/include/varargs.h:5:2: error: #error "Revise your code to use <stdarg.h>."
 #error "Revise your code to use <stdarg.h>."
  ^~~~~
configure:4259: $? = 1
configure: failed program was:
| #line 4245 "configure"
| /* confdefs.h.  */
| 
| #define PACKAGE_NAME "readline"
| #define PACKAGE_TARNAME "readline"
| #define PACKAGE_VERSION "5.0-rc1"
| #define PACKAGE_STRING "readline 5.0-rc1"
| #define PACKAGE_BUGREPORT "bug-readline@gnu.org"
| #define STDC_HEADERS 1
| #define HAVE_SYS_TYPES_H 1
| #define HAVE_SYS_STAT_H 1
| #define HAVE_STDLIB_H 1
| #define HAVE_STRING_H 1
| #define HAVE_MEMORY_H 1
| #define HAVE_STRINGS_H 1
| #define HAVE_INTTYPES_H 1
| #define HAVE_STDINT_H 1
| #define HAVE_UNISTD_H 1
| #define PROTOTYPES 1
| #define __PROTOTYPES 1
| #define RETSIGTYPE void
| #define STDC_HEADERS 1
| #define HAVE_DIRENT_H 1
| #define HAVE_LSTAT 1
| #define HAVE_MEMMOVE 1
| #define HAVE_PUTENV 1
| #define HAVE_SELECT 1
| #define HAVE_SETENV 1
| #define HAVE_SETLOCALE 1
| #define HAVE_STRCASECMP 1
| #define HAVE_STRPBRK 1
| #define HAVE_TCGETATTR 1
| #define HAVE_VSNPRINTF 1
| #define HAVE_ISASCII 1
| #define HAVE_ISXDIGIT 1
| #define HAVE_STRCOLL 1
| #define HAVE_UNISTD_H 1
| #define HAVE_STDLIB_H 1
| /* end confdefs.h.  */
| #include <stdio.h>
| #if HAVE_SYS_TYPES_H
| # include <sys/types.h>
| #endif
| #if HAVE_SYS_STAT_H
| # include <sys/stat.h>
| #endif
| #if STDC_HEADERS
| # include <stdlib.h>
| # include <stddef.h>
| #else
| # if HAVE_STDLIB_H
| #  include <stdlib.h>
| # endif
| #endif
| #if HAVE_STRING_H
| # if !STDC_HEADERS && HAVE_MEMORY_H
| #  include <memory.h>
| # endif
| # include <string.h>
| #endif
| #if HAVE_STRINGS_H
| # include <strings.h>
| #endif
| #if HAVE_INTTYPES_H
| # include <inttypes.h>
| #else
| # if HAVE_STDINT_H
| #  include <stdint.h>
| # endif
| #endif
| #if HAVE_UNISTD_H
| # include <unistd.h>
| #endif
| #include <varargs.h>
configure:4275: result: no
configure:4279: checking varargs.h presence
configure:4290: gcc -E  conftest.c
In file included from configure:4319:0:
/usr/lib/gcc/x86_64-linux-gnu/7/include/varargs.h:4:2: error: #error "GCC no longer implements <varargs.h>."
 #error "GCC no longer implements <varargs.h>."
  ^~~~~
/usr/lib/gcc/x86_64-linux-gnu/7/include/varargs.h:5:2: error: #error "Revise your code to use <stdarg.h>."
 #error "Revise your code to use <stdarg.h>."
  ^~~~~
configure:4296: $? = 1
configure: failed program was:
| #line 4281 "configure"
| /* confdefs.h.  */
| 
| #define PACKAGE_NAME "readline"
| #define PACKAGE_TARNAME "readline"
| #define PACKAGE_VERSION "5.0-rc1"
| #define PACKAGE_STRING "readline 5.0-rc1"
| #define PACKAGE_BUGREPORT "bug-readline@gnu.org"
| #define STDC_HEADERS 1
| #define HAVE_SYS_TYPES_H 1
| #define HAVE_SYS_STAT_H 1
| #define HAVE_STDLIB_H 1
| #define HAVE_STRING_H 1
| #define HAVE_MEMORY_H 1
| #define HAVE_STRINGS_H 1
| #define HAVE_INTTYPES_H 1
| #define HAVE_STDINT_H 1
| #define HAVE_UNISTD_H 1
| #define PROTOTYPES 1
| #define __PROTOTYPES 1
| #define RETSIGTYPE void
| #define STDC_HEADERS 1
| #define HAVE_DIRENT_H 1
| #define HAVE_LSTAT 1
| #define HAVE_MEMMOVE 1
| #define HAVE_PUTENV 1
| #define HAVE_SELECT 1
| #define HAVE_SETENV 1
| #define HAVE_SETLOCALE 1
| #define HAVE_STRCASECMP 1
| #define HAVE_STRPBRK 1
| #define HAVE_TCGETATTR 1
| #define HAVE_VSNPRINTF 1
| #define HAVE_ISASCII 1
| #define HAVE_ISXDIGIT 1
| #define HAVE_STRCOLL 1
| #define HAVE_UNISTD_H 1
| #define HAVE_STDLIB_H 1
| /* end confdefs.h.  */
| #include <varargs.h>
configure:4315: result: no
configure:4351: checking for varargs.h
configure:4358: result: no
configure:4243: checking stdarg.h usability
configure:4256: gcc -c -g -O  conftest.c >&5
configure:4259: $? = 0
configure:4262: test -s conftest.o
configure:4265: $? = 0
configure:4275: result: yes
configure:4279: checking stdarg.h presence
configure:4290: gcc -E  conftest.c
configure:4296: $? = 0
configure:4315: result: yes
configure:4351: checking for stdarg.h
configure:4358: result: yes
configure:4234: checking for string.h
configure:4239: result: yes
configure:4234: checking for strings.h
configure:4239: result: yes
configure:4243: checking limits.h usability
configure:4256: gcc -c -g -O  conftest.c >&5
configure:4259: $? = 0
configure:4262: test -s conftest.o
configure:4265: $? = 0
configure:4275: result: yes
configure:4279: checking limits.h presence
configure:4290: gcc -E  conftest.c
configure:4296: $? = 0
configure:4315: result: yes
configure:4351: checking for limits.h
configure:4358: result: yes
configure:4243: checking sys/ptem.h usability
configure:4256: gcc -c -g -O  conftest.c >&5
configure:4321:10: fatal error: sys/ptem.h: No such file or directory
     { echo "$as_me:$LINENO: WARNING: $ac_header: accepted by the compiler, rejected by the preprocessor!" >&5
          ^~~~~~~~~~~~
compilation terminated.
configure:4259: $? = 1
configure: failed program was:
| #line 4245 "configure"
| /* confdefs.h.  */
| 
| #define PACKAGE_NAME "readline"
| #define PACKAGE_TARNAME "readline"
| #define PACKAGE_VERSION "5.0-rc1"
| #define PACKAGE_STRING "readline 5.0-rc1"
| #define PACKAGE_BUGREPORT "bug-readline@gnu.org"
| #define STDC_HEADERS 1
| #define HAVE_SYS_TYPES_H 1
| #define HAVE_SYS_STAT_H 1
| #define HAVE_STDLIB_H 1
| #define HAVE_STRING_H 1
| #define HAVE_MEMORY_H 1
| #define HAVE_STRINGS_H 1
| #define HAVE_INTTYPES_H 1
| #define HAVE_STDINT_H 1
| #define HAVE_UNISTD_H 1
| #define PROTOTYPES 1
| #define __PROTOTYPES 1
| #define RETSIGTYPE void
| #define STDC_HEADERS 1
| #define HAVE_DIRENT_H 1
| #define HAVE_LSTAT 1
| #define HAVE_MEMMOVE 1
| #define HAVE_PUTENV 1
| #define HAVE_SELECT 1
| #define HAVE_SETENV 1
| #define HAVE_SETLOCALE 1
| #define HAVE_STRCASECMP 1
| #define HAVE_STRPBRK 1
| #define HAVE_TCGETATTR 1
| #define HAVE_VSNPRINTF 1
| #define HAVE_ISASCII 1
| #define HAVE_ISXDIGIT 1
| #define HAVE_STRCOLL 1
| #define HAVE_UNISTD_H 1
| #define HAVE_STDLIB_H 1
| #define HAVE_STDARG_H 1
| #define HAVE_STRING_H 1
| #define HAVE_STRINGS_H 1
| #define HAVE_LIMITS_H 1
| /* end confdefs.h.  */
| #include <stdio.h>
| #if HAVE_SYS_TYPES_H
| # include <sys/types.h>
| #endif
| #if HAVE_SYS_STAT_H
| # include <sys/stat.h>
| #endif
| #if STDC_HEADERS
| # include <stdlib.h>
| # include <stddef.h>
| #else
| # if HAVE_STDLIB_H
| #  include <stdlib.h>
| # endif
| #endif
| #if HAVE_STRING_H
| # if !STDC_HEADERS && HAVE_MEMORY_H
| #  include <memory.h>
| # endif
| # include <string.h>
| #endif
| #if HAVE_STRINGS_H
| # include <strings.h>
| #endif
| #if HAVE_INTTYPES_H
| # include <inttypes.h>
| #else
| # if HAVE_STDINT_H
| #  include <stdint.h>
| # endif
| #endif
| #if HAVE_UNISTD_H
| # include <unistd.h>
| #endif
| #include <sys/ptem.h>
configure:4275: result: no
configure:4279: checking sys/ptem.h presence
configure:4290: gcc -E  conftest.c
configure:4323:10: fatal error: sys/ptem.h: No such file or directory
     { echo "$as_me:$LINENO: WARNING: $ac_header: proceeding with the preprocessor's result" >&5
          ^~~~~~~~~~~~
compilation terminated.
configure:4296: $? = 1
configure: failed program was:
| #line 4281 "configure"
| /* confdefs.h.  */
| 
| #define PACKAGE_NAME "readline"
| #define PACKAGE_TARNAME "readline"
| #define PACKAGE_VERSION "5.0-rc1"
| #define PACKAGE_STRING "readline 5.0-rc1"
| #define PACKAGE_BUGREPORT "bug-readline@gnu.org"
| #define STDC_HEADERS 1
| #define HAVE_SYS_TYPES_H 1
| #define HAVE_SYS_STAT_H 1
| #define HAVE_STDLIB_H 1
| #define HAVE_STRING_H 1
| #define HAVE_MEMORY_H 1
| #define HAVE_STRINGS_H 1
| #define HAVE_INTTYPES_H 1
| #define HAVE_STDINT_H 1
| #define HAVE_UNISTD_H 1
| #define PROTOTYPES 1
| #define __PROTOTYPES 1
| #define RETSIGTYPE void
| #define STDC_HEADERS 1
| #define HAVE_DIRENT_H 1
| #define HAVE_LSTAT 1
| #define HAVE_MEMMOVE 1
| #define HAVE_PUTENV 1
| #define HAVE_SELECT 1
| #define HAVE_SETENV 1
| #define HAVE_SETLOCALE 1
| #define HAVE_STRCASECMP 1
| #define HAVE_STRPBRK 1
| #define HAVE_TCGETATTR 1
| #define HAVE_VSNPRINTF 1
| #define HAVE_ISASCII 1
| #define HAVE_ISXDIGIT 1
| #define HAVE_STRCOLL 1
| #define HAVE_UNISTD_H 1
| #define HAVE_STDLIB_H 1
| #define HAVE_STDARG_H 1
| #define HAVE_STRING_H 1
| #define HAVE_STRINGS_H 1
| #define HAVE_LIMITS_H 1
| /* end confdefs.h.  */
| #include <sys/ptem.h>
configure:4315: result: no
configure:4351: checking for sys/ptem.h
configure:4358: result: no
configure:4243: checking sys/pte.h usability
configure:4256: gcc -c -g -O  conftest.c >&5
configure:4321:10: fatal error: sys/pte.h: No such file or directory
     { echo "$as_me:$LINENO: WARNING: $ac_header: accepted by the compiler, rejected by the preprocessor!" >&5
          ^~~~~~~~~~~
compilation terminated.
configure:4259: $? = 1
configure: failed program was:
| #line 4245 "configure"
| /* confdefs.h.  */
| 
| #define PACKAGE_NAME "readline"
| #define PACKAGE_TARNAME "readline"
| #define PACKAGE_VERSION "5.0-rc1"
| #define PACKAGE_STRING "readline 5.0-rc1"
| #define PACKAGE_BUGREPORT "bug-readline@gnu.org"
| #define STDC_HEADERS 1
| #define HAVE_SYS_TYPES_H 1
| #define HAVE_SYS_STAT_H 1
| #define HAVE_STDLIB_H 1
| #define HAVE_STRING_H 1
| #define HAVE_MEMORY_H 1
| #define HAVE_STRINGS_H 1
| #define HAVE_INTTYPES_H 1
| #define HAVE_STDINT_H 1
| #define HAVE_UNISTD_H 1
| #define PROTOTYPES 1
| #define __PROTOTYPES 1
| #define RETSIGTYPE void
| #define STDC_HEADERS 1
| #define HAVE_DIRENT_H 1
| #define HAVE_LSTAT 1
| #define HAVE_MEMMOVE 1
| #define HAVE_PUTENV 1
| #define HAVE_SELECT 1
| #define HAVE_SETENV 1
| #define HAVE_SETLOCALE 1
| #define HAVE_STRCASECMP 1
| #define HAVE_STRPBRK 1
| #define HAVE_TCGETATTR 1
| #define HAVE_VSNPRINTF 1
| #define HAVE_ISASCII 1
| #define HAVE_ISXDIGIT 1
| #define HAVE_STRCOLL 1
| #define HAVE_UNISTD_H 1
| #define HAVE_STDLIB_H 1
| #define HAVE_STDARG_H 1
| #define HAVE_STRING_H 1
| #define HAVE_STRINGS_H 1
| #define HAVE_LIMITS_H 1
| /* end confdefs.h.  */
| #include <stdio.h>
| #if HAVE_SYS_TYPES_H
| # include <sys/types.h>
| #endif
| #if HAVE_SYS_STAT_H
| # include <sys/stat.h>
| #endif
| #if STDC_HEADERS
| # include <stdlib.h>
| # include <stddef.h>
| #else
| # if HAVE_STDLIB_H
| #  include <stdlib.h>
| # endif
| #endif
| #if HAVE_STRING_H
| # if !STDC_HEADERS && HAVE_MEMORY_H
| #  include <memory.h>
| # endif
| # include <string.h>
| #endif
| #if HAVE_STRINGS_H
| # include <strings.h>
| #endif
| #if HAVE_INTTYPES_H
| # include <inttypes.h>
| #else
| # if HAVE_STDINT_H
| #  include <stdint.h>
| # endif
| #endif
| #if HAVE_UNISTD_H
| # include <unistd.h>
| #endif
| #include <sys/pte.h>
configure:4275: result: no
configure:4279: checking sys/pte.h presence
configure:4290: gcc -E  conftest.c
configure:4323:10: fatal error: sys/pte.h: No such file or directory
     { echo "$as_me:$LINENO: WARNING: $ac_header: proceeding with the preprocessor's result" >&5
          ^~~~~~~~~~~
compilation terminated.
configure:4296: $? = 1
configure: failed program was:
| #line 4281 "configure"
| /* confdefs.h.  */
| 
| #define PACKAGE_NAME "readline"
| #define PACKAGE_TARNAME "readline"
| #define PACKAGE_VERSION "5.0-rc1"
| #define PACKAGE_STRING "readline 5.0-rc1"
| #define PACKAGE_BUGREPORT "bug-readline@gnu.org"
| #define STDC_HEADERS 1
| #define HAVE_SYS_TYPES_H 1
| #define HAVE_SYS_STAT_H 1
| #define HAVE_STDLIB_H 1
| #define HAVE_STRING_H 1
| #define HAVE_MEMORY_H 1
| #define HAVE_STRINGS_H 1
| #define HAVE_INTTYPES_H 1
| #define HAVE_STDINT_H 1
| #define HAVE_UNISTD_H 1
| #define PROTOTYPES 1
| #define __PROTOTYPES 1
| #define RETSIGTYPE void
| #define STDC_HEADERS 1
| #define HAVE_DIRENT_H 1
| #define HAVE_LSTAT 1
| #define HAVE_MEMMOVE 1
| #define HAVE_PUTENV 1
| #define HAVE_SELECT 1
| #define HAVE_SETENV 1
| #define HAVE_SETLOCALE 1
| #define HAVE_STRCASECMP 1
| #define HAVE_STRPBRK 1
| #define HAVE_TCGETATTR 1
| #define HAVE_VSNPRINTF 1
| #define HAVE_ISASCII 1
| #define HAVE_ISXDIGIT 1
| #define HAVE_STRCOLL 1
| #define HAVE_UNISTD_H 1
| #define HAVE_STDLIB_H 1
| #define HAVE_STDARG_H 1
| #define HAVE_STRING_H 1
| #define HAVE_STRINGS_H 1
| #define HAVE_LIMITS_H 1
| /* end confdefs.h.  */
| #include <sys/pte.h>
configure:4315: result: no
configure:4351: checking for sys/pte.h
configure:4358: result: no
configure:4243: checking sys/stream.h usability
configure:4256: gcc -c -g -O  conftest.c >&5
configure:4321:10: fatal error: sys/stream.h: No such file or directory
     { echo "$as_me:$LINENO: WARNING: $ac_header: accepted by the compiler, rejected by the preprocessor!" >&5
          ^~~~~~~~~~~~~~
compilation terminated.
configure:4259: $? = 1
configure: failed program was:
| #line 4245 "configure"
| /* confdefs.h.  */
| 
| #define PACKAGE_NAME "readline"
| #define PACKAGE_TARNAME "readline"
| #define PACKAGE_VERSION "5.0-rc1"
| #define PACKAGE_STRING "readline 5.0-rc1"
| #define PACKAGE_BUGREPORT "bug-readline@gnu.org"
| #define STDC_HEADERS 1
| #define HAVE_SYS_TYPES_H 1
| #define HAVE_SYS_STAT_H 1
| #define HAVE_STDLIB_H 1
| #define HAVE_STRING_H 1
| #define HAVE_MEMORY_H 1
| #define HAVE_STRINGS_H 1
| #define HAVE_INTTYPES_H 1
| #define HAVE_STDINT_H 1
| #define HAVE_UNISTD_H 1
| #define PROTOTYPES 1
| #define __PROTOTYPES 1
| #define RETSIGTYPE void
| #define STDC_HEADERS 1
| #define HAVE_DIRENT_H 1
| #define HAVE_LSTAT 1
| #define HAVE_MEMMOVE 1
| #define HAVE_PUTENV 1
| #define HAVE_SELECT 1
| #define HAVE_SETENV 1
| #define HAVE_SETLOCALE 1
| #define HAVE_STRCASECMP 1
| #define HAVE_STRPBRK 1
| #define HAVE_TCGETATTR 1
| #define HAVE_VSNPRINTF 1
| #define HAVE_ISASCII 1
| #define HAVE_ISXDIGIT 1
| #define HAVE_STRCOLL 1
| #define HAVE_UNISTD_H 1
| #define HAVE_STDLIB_H 1
| #define HAVE_STDARG_H 1
| #define HAVE_STRING_H 1
| #define HAVE_STRINGS_H 1
| #define HAVE_LIMITS_H 1
| /* end confdefs.h.  */
| #include <stdio.h>
| #if HAVE_SYS_TYPES_H
| # include <sys/types.h>
| #endif
| #if HAVE_SYS_STAT_H
| # include <sys/stat.h>
| #endif
| #if STDC_HEADERS
| # include <stdlib.h>
| # include <stddef.h>
| #else
| # if HAVE_STDLIB_H
| #  include <stdlib.h>
| # endif
| #endif
| #if HAVE_STRING_H
| # if !STDC_HEADERS && HAVE_MEMORY_H
| #  include <memory.h>
| # endif
| # include <string.h>
| #endif
| #if HAVE_STRINGS_H
| # include <strings.h>
| #endif
| #if HAVE_INTTYPES_H
| # include <inttypes.h>
| #else
| # if HAVE_STDINT_H
| #  include <stdint.h>
| # endif
| #endif
| #if HAVE_UNISTD_H
| # include <unistd.h>
| #endif
| #include <sys/stream.h>
configure:4275: result: no
configure:4279: checking sys/stream.h presence
configure:4290: gcc -E  conftest.c
configure:4323:10: fatal error: sys/stream.h: No such file or directory
     { echo "$as_me:$LINENO: WARNING: $ac_header: proceeding with the preprocessor's result" >&5
          ^~~~~~~~~~~~~~
compilation terminated.
configure:4296: $? = 1
configure: failed program was:
| #line 4281 "configure"
| /* confdefs.h.  */
| 
| #define PACKAGE_NAME "readline"
| #define PACKAGE_TARNAME "readline"
| #define PACKAGE_VERSION "5.0-rc1"
| #define PACKAGE_STRING "readline 5.0-rc1"
| #define PACKAGE_BUGREPORT "bug-readline@gnu.org"
| #define STDC_HEADERS 1
| #define HAVE_SYS_TYPES_H 1
| #define HAVE_SYS_STAT_H 1
| #define HAVE_STDLIB_H 1
| #define HAVE_STRING_H 1
| #define HAVE_MEMORY_H 1
| #define HAVE_STRINGS_H 1
| #define HAVE_INTTYPES_H 1
| #define HAVE_STDINT_H 1
| #define HAVE_UNISTD_H 1
| #define PROTOTYPES 1
| #define __PROTOTYPES 1
| #define RETSIGTYPE void
| #define STDC_HEADERS 1
| #define HAVE_DIRENT_H 1
| #define HAVE_LSTAT 1
| #define HAVE_MEMMOVE 1
| #define HAVE_PUTENV 1
| #define HAVE_SELECT 1
| #define HAVE_SETENV 1
| #define HAVE_SETLOCALE 1
| #define HAVE_STRCASECMP 1
| #define HAVE_STRPBRK 1
| #define HAVE_TCGETATTR 1
| #define HAVE_VSNPRINTF 1
| #define HAVE_ISASCII 1
| #define HAVE_ISXDIGIT 1
| #define HAVE_STRCOLL 1
| #define HAVE_UNISTD_H 1
| #define HAVE_STDLIB_H 1
| #define HAVE_STDARG_H 1
| #define HAVE_STRING_H 1
| #define HAVE_STRINGS_H 1
| #define HAVE_LIMITS_H 1
| /* end confdefs.h.  */
| #include <sys/stream.h>
configure:4315: result: no
configure:4351: checking for sys/stream.h
configure:4358: result: no
configure:4243: checking sys/select.h usability
configure:4256: gcc -c -g -O  conftest.c >&5
configure:4259: $? = 0
configure:4262: test -s conftest.o
configure:4265: $? = 0
configure:4275: result: yes
configure:4279: checking sys/select.h presence
configure:4290: gcc -E  conftest.c
configure:4296: $? = 0
configure:4315: result: yes
configure:4351: checking for sys/select.h
configure:4358: result: yes
configure:4243: checking termcap.h usability
configure:4256: gcc -c -g -O  conftest.c >&5
configure:4322:10: fatal error: termcap.h: No such file or directory
 echo "$as_me: WARNING: $ac_header: accepted by the compiler, rejected by the preprocessor!" >&2;}
          ^~~~~~~~~~~
compilation terminated.
configure:4259: $? = 1
configure: failed program was:
| #line 4245 "configure"
| /* confdefs.h.  */
| 
| #define PACKAGE_NAME "readline"
| #define PACKAGE_TARNAME "readline"
| #define PACKAGE_VERSION "5.0-rc1"
| #define PACKAGE_STRING "readline 5.0-rc1"
| #define PACKAGE_BUGREPORT "bug-readline@gnu.org"
| #define STDC_HEADERS 1
| #define HAVE_SYS_TYPES_H 1
| #define HAVE_SYS_STAT_H 1
| #define HAVE_STDLIB_H 1
| #define HAVE_STRING_H 1
| #define HAVE_MEMORY_H 1
| #define HAVE_STRINGS_H 1
| #define HAVE_INTTYPES_H 1
| #define HAVE_STDINT_H 1
| #define HAVE_UNISTD_H 1
| #define PROTOTYPES 1
| #define __PROTOTYPES 1
| #define RETSIGTYPE void
| #define STDC_HEADERS 1
| #define HAVE_DIRENT_H 1
| #define HAVE_LSTAT 1
| #define HAVE_MEMMOVE 1
| #define HAVE_PUTENV 1
| #define HAVE_SELECT 1
| #define HAVE_SETENV 1
| #define HAVE_SETLOCALE 1
| #define HAVE_STRCASECMP 1
| #define HAVE_STRPBRK 1
| #define HAVE_TCGETATTR 1
| #define HAVE_VSNPRINTF 1
| #define HAVE_ISASCII 1
| #define HAVE_ISXDIGIT 1
| #define HAVE_STRCOLL 1
| #define HAVE_UNISTD_H 1
| #define HAVE_STDLIB_H 1
| #define HAVE_STDARG_H 1
| #define HAVE_STRING_H 1
| #define HAVE_STRINGS_H 1
| #define HAVE_LIMITS_H 1
| #define HAVE_SYS_SELECT_H 1
| /* end confdefs.h.  */
| #include <stdio.h>
| #if HAVE_SYS_TYPES_H
| # include <sys/types.h>
| #endif
| #if HAVE_SYS_STAT_H
| # include <sys/stat.h>
| #endif
| #if STDC_HEADERS
| # include <stdlib.h>
| # include <stddef.h>
| #else
| # if HAVE_STDLIB_H
| #  include <stdlib.h>
| # endif
| #endif
| #if HAVE_STRING_H
| # if !STDC_HEADERS && HAVE_MEMORY_H
| #  include <memory.h>
| # endif
| # include <string.h>
| #endif
| #if HAVE_STRINGS_H
| # include <strings.h>
| #endif
| #if HAVE_INTTYPES_H
| # include <inttypes.h>
| #else
| # if HAVE_STDINT_H
| #  include <stdint.h>
| # endif
| #endif
| #if HAVE_UNISTD_H
| # include <unistd.h>
| #endif
| #include <termcap.h>
configure:4275: result: no
configure:4279: checking termcap.h presence
configure:4290: gcc -E  conftest.c
configure:4324:10: fatal error: termcap.h: No such file or directory
 echo "$as_me: WARNING: $ac_header: proceeding with the preprocessor's result" >&2;}
          ^~~~~~~~~~~
compilation terminated.
configure:4296: $? = 1
configure: failed program was:
| #line 4281 "configure"
| /* confdefs.h.  */
| 
| #define PACKAGE_NAME "readline"
| #define PACKAGE_TARNAME "readline"
| #define PACKAGE_VERSION "5.0-rc1"
| #define PACKAGE_STRING "readline 5.0-rc1"
| #define PACKAGE_BUGREPORT "bug-readline@gnu.org"
| #define STDC_HEADERS 1
| #define HAVE_SYS_TYPES_H 1
| #define HAVE_SYS_STAT_H 1
| #define HAVE_STDLIB_H 1
| #define HAVE_STRING_H 1
| #define HAVE_MEMORY_H 1
| #define HAVE_STRINGS_H 1
| #define HAVE_INTTYPES_H 1
| #define HAVE_STDINT_H 1
| #define HAVE_UNISTD_H 1
| #define PROTOTYPES 1
| #define __PROTOTYPES 1
| #define RETSIGTYPE void
| #define STDC_HEADERS 1
| #define HAVE_DIRENT_H 1
| #define HAVE_LSTAT 1
| #define HAVE_MEMMOVE 1
| #define HAVE_PUTENV 1
| #define HAVE_SELECT 1
| #define HAVE_SETENV 1
| #define HAVE_SETLOCALE 1
| #define HAVE_STRCASECMP 1
| #define HAVE_STRPBRK 1
| #define HAVE_TCGETATTR 1
| #define HAVE_VSNPRINTF 1
| #define HAVE_ISASCII 1
| #define HAVE_ISXDIGIT 1
| #define HAVE_STRCOLL 1
| #define HAVE_UNISTD_H 1
| #define HAVE_STDLIB_H 1
| #define HAVE_STDARG_H 1
| #define HAVE_STRING_H 1
| #define HAVE_STRINGS_H 1
| #define HAVE_LIMITS_H 1
| #define HAVE_SYS_SELECT_H 1
| /* end confdefs.h.  */
| #include <termcap.h>
configure:4315: result: no
configure:4351: checking for termcap.h
configure:4358: result: no
configure:4243: checking termios.h usability
configure:4256: gcc -c -g -O  conftest.c >&5
configure:4259: $? = 0
configure:4262: test -s conftest.o
configure:4265: $? = 0
configure:4275: result: yes
configure:4279: checking termios.h presence
configure:4290: gcc -E  conftest.c
configure:4296: $? = 0
configure:4315: result: yes
configure:4351: checking for termios.h
configure:4358: result: yes
configure:4243: checking termio.h usability
configure:4256: gcc -c -g -O  conftest.c >&5
configure:4259: $? = 0
configure:4262: test -s conftest.o
configure:4265: $? = 0
configure:4275: result: yes
configure:4279: checking termio.h presence
configure:4290: gcc -E  conftest.c
configure:4296: $? = 0
configure:4315: result: yes
configure:4351: checking for termio.h
configure:4358: result: yes
configure:4243: checking sys/file.h usability
configure:4256: gcc -c -g -O  conftest.c >&5
configure:4259: $? = 0
configure:4262: test -s conftest.o
configure:4265: $? = 0
configure:4275: result: yes
configure:4279: checking sys/file.h presence
configure:4290: gcc -E  conftest.c
configure:4296: $? = 0
configure:4315: result: yes
configure:4351: checking for sys/file.h
configure:4358: result: yes
configure:4243: checking locale.h usability
configure:4256: gcc -c -g -O  conftest.c >&5
configure:4259: $? = 0
configure:4262: test -s conftest.o
configure:4265: $? = 0
configure:4275: result: yes
configure:4279: checking locale.h presence
configure:4290: gcc -E  conftest.c
configure:4296: $? = 0
configure:4315: result: yes
configure:4351: checking for locale.h
configure:4358: result: yes
configure:4234: checking for memory.h
configure:4239: result: yes
configure:4373: checking for type of signal functions
configure:4402: gcc -o conftest -g -O   conftest.c  >&5
configure:4405: $? = 0
configure:4408: test -s conftest
configure:4411: $? = 0
configure:4508: result: posix
configure:4529: checking if signal handlers must be reinstalled when invoked
configure:4593: gcc -o conftest -g -O   conftest.c  >&5
configure:4624:1: warning: return type defaults to 'int' [-Wimplicit-int]
 
 ^   
configure: In function 'main':
configure:4630:2: warning: implicit declaration of function 'exit' [-Wimplicit-function-declaration]
   echo $ECHO_N "(cached) $ECHO_C" >&6
  ^~~~
configure:4630:2: warning: incompatible implicit declaration of built-in function 'exit'
configure:4630:2: note: include '<stdlib.h>' or provide a declaration of 'exit'
configure:4596: $? = 0
configure:4598: ./conftest
configure:4601: $? = 0
configure:4616: result: no
configure:4627: checking for presence of POSIX-style sigsetjmp/siglongjmp
configure:4685: gcc -o conftest -g -O   conftest.c  >&5
configure:4695:1: warning: return type defaults to 'int' [-Wimplicit-int]
   bash_cv_func_sigsetjmp=present
 ^ ~~
configure: In function 'main':
configure:4714:3: warning: implicit declaration of function 'exit' [-Wimplicit-function-declaration]
 
   ^   
configure:4714:3: warning: incompatible implicit declaration of built-in function 'exit'
configure:4714:3: note: include '<stdlib.h>' or provide a declaration of 'exit'
configure:4722:1: warning: incompatible implicit declaration of built-in function 'exit'
   cat >conftest.$ac_ext <<_ACEOF
 ^ ~~
configure:4722:1: note: include '<stdlib.h>' or provide a declaration of 'exit'
configure:4688: $? = 0
configure:4690: ./conftest
configure:4693: $? = 0
configure:4708: result: present
configure:4717: checking for lstat
configure:4742: gcc -o conftest -g -O   conftest.c  >&5
configure: In function 'main':
configure:4779:2: warning: null argument where non-null required (argument 2) [-Wnonnull]
 echo "$as_me: WARNING: cannot check strcoll if cross compiling -- defaulting to no" >&2;}
  ^~~~~
configure:4745: $? = 0
configure:4748: test -s conftest
configure:4751: $? = 0
configure:4762: result: yes
configure:4772: checking whether or not strcoll and strcmp differ
configure:4828: gcc -o conftest -g -O   conftest.c  >&5
configure:4840:1: warning: return type defaults to 'int' [-Wimplicit-int]
   echo "$as_me: program exited with status $ac_status" >&5
 ^ ~~
configure: In function 'main':
configure:4854:14: warning: implicit declaration of function 'strcoll' [-Wimplicit-function-declaration]
 cat >>confdefs.h <<\_ACEOF
              ^~~~~~~
configure:4858:14: warning: implicit declaration of function 'strcmp' [-Wimplicit-function-declaration]
 fi
              ^     
configure:4867:2: warning: implicit declaration of function 'exit' [-Wimplicit-function-declaration]
   { echo "$as_me:$LINENO: WARNING: cannot check ctype macros if cross compiling -- defaulting to no" >&5
  ^~~~
configure:4867:2: warning: incompatible implicit declaration of built-in function 'exit'
configure:4867:2: note: include '<stdlib.h>' or provide a declaration of 'exit'
configure:4831: $? = 0
configure:4833: ./conftest
configure:4836: $? = 1
configure: program exited with status 1
configure: failed program was:
| #line 4783 "configure"
| /* confdefs.h.  */
| 
| #define PACKAGE_NAME "readline"
| #define PACKAGE_TARNAME "readline"
| #define PACKAGE_VERSION "5.0-rc1"
| #define PACKAGE_STRING "readline 5.0-rc1"
| #define PACKAGE_BUGREPORT "bug-readline@gnu.org"
| #define STDC_HEADERS 1
| #define HAVE_SYS_TYPES_H 1
| #define HAVE_SYS_STAT_H 1
| #define HAVE_STDLIB_H 1
| #define HAVE_STRING_H 1
| #define HAVE_MEMORY_H 1
| #define HAVE_STRINGS_H 1
| #define HAVE_INTTYPES_H 1
| #define HAVE_STDINT_H 1
| #define HAVE_UNISTD_H 1
| #define PROTOTYPES 1
| #define __PROTOTYPES 1
| #define RETSIGTYPE void
| #define STDC_HEADERS 1
| #define HAVE_DIRENT_H 1
| #define HAVE_LSTAT 1
| #define HAVE_MEMMOVE 1
| #define HAVE_PUTENV 1
| #define HAVE_SELECT 1
| #define HAVE_SETENV 1
| #define HAVE_SETLOCALE 1
| #define HAVE_STRCASECMP 1
| #define HAVE_STRPBRK 1
| #define HAVE_TCGETATTR 1
| #define HAVE_VSNPRINTF 1
| #define HAVE_ISASCII 1
| #define HAVE_ISXDIGIT 1
| #define HAVE_STRCOLL 1
| #define HAVE_UNISTD_H 1
| #define HAVE_STDLIB_H 1
| #define HAVE_STDARG_H 1
| #define HAVE_STRING_H 1
| #define HAVE_STRINGS_H 1
| #define HAVE_LIMITS_H 1
| #define HAVE_SYS_SELECT_H 1
| #define HAVE_TERMIOS_H 1
| #define HAVE_TERMIO_H 1
| #define HAVE_SYS_FILE_H 1
| #define HAVE_LOCALE_H 1
| #define HAVE_MEMORY_H 1
| #define HAVE_POSIX_SIGNALS 1
| #define HAVE_POSIX_SIGSETJMP 1
| #define HAVE_LSTAT 1
| /* end confdefs.h.  */
| 
| #include <stdio.h>
| #if defined (HAVE_LOCALE_H)
| #include <locale.h>
| #endif
| 
| main(c, v)
| int     c;
| char    *v[];
| {
|         int     r1, r2;
|         char    *deflocale, *defcoll;
| 
| #ifdef HAVE_SETLOCALE
|         deflocale = setlocale(LC_ALL, "");
| 	defcoll = setlocale(LC_COLLATE, "");
| #endif
| 
| #ifdef HAVE_STRCOLL
| 	/* These two values are taken from tests/glob-test. */
|         r1 = strcoll("abd", "aXd");
| #else
| 	r1 = 0;
| #endif
|         r2 = strcmp("abd", "aXd");
| 
| 	/* These two should both be greater than 0.  It is permissible for
| 	   a system to return different values, as long as the sign is the
| 	   same. */
| 
|         /* Exit with 1 (failure) if these two values are both > 0, since
| 	   this tests whether strcoll(3) is broken with respect to strcmp(3)
| 	   in the default locale. */
| 	exit (r1 > 0 && r2 > 0);
| }
| 
configure:4851: result: no
configure:4861: checking whether the ctype macros accept non-ascii characters
configure:4912: gcc -o conftest -g -O   conftest.c  >&5
configure:4930:1: warning: return type defaults to 'int' [-Wimplicit-int]
 fi
 ^~  
configure: In function 'main':
configure:4951:2: warning: implicit declaration of function 'exit' [-Wimplicit-function-declaration]
 #line $LINENO "configure"
  ^~~~
configure:4951:2: warning: incompatible implicit declaration of built-in function 'exit'
configure:4951:2: note: include '<stdlib.h>' or provide a declaration of 'exit'
configure:4915: $? = 0
configure:4917: ./conftest
configure:4920: $? = 1
configure: program exited with status 1
configure: failed program was:
| #line 4872 "configure"
| /* confdefs.h.  */
| 
| #define PACKAGE_NAME "readline"
| #define PACKAGE_TARNAME "readline"
| #define PACKAGE_VERSION "5.0-rc1"
| #define PACKAGE_STRING "readline 5.0-rc1"
| #define PACKAGE_BUGREPORT "bug-readline@gnu.org"
| #define STDC_HEADERS 1
| #define HAVE_SYS_TYPES_H 1
| #define HAVE_SYS_STAT_H 1
| #define HAVE_STDLIB_H 1
| #define HAVE_STRING_H 1
| #define HAVE_MEMORY_H 1
| #define HAVE_STRINGS_H 1
| #define HAVE_INTTYPES_H 1
| #define HAVE_STDINT_H 1
| #define HAVE_UNISTD_H 1
| #define PROTOTYPES 1
| #define __PROTOTYPES 1
| #define RETSIGTYPE void
| #define STDC_HEADERS 1
| #define HAVE_DIRENT_H 1
| #define HAVE_LSTAT 1
| #define HAVE_MEMMOVE 1
| #define HAVE_PUTENV 1
| #define HAVE_SELECT 1
| #define HAVE_SETENV 1
| #define HAVE_SETLOCALE 1
| #define HAVE_STRCASECMP 1
| #define HAVE_STRPBRK 1
| #define HAVE_TCGETATTR 1
| #define HAVE_VSNPRINTF 1
| #define HAVE_ISASCII 1
| #define HAVE_ISXDIGIT 1
| #define HAVE_STRCOLL 1
| #define HAVE_UNISTD_H 1
| #define HAVE_STDLIB_H 1
| #define HAVE_STDARG_H 1
| #define HAVE_STRING_H 1
| #define HAVE_STRINGS_H 1
| #define HAVE_LIMITS_H 1
| #define HAVE_SYS_SELECT_H 1
| #define HAVE_TERMIOS_H 1
| #define HAVE_TERMIO_H 1
| #define HAVE_SYS_FILE_H 1
| #define HAVE_LOCALE_H 1
| #define HAVE_MEMORY_H 1
| #define HAVE_POSIX_SIGNALS 1
| #define HAVE_POSIX_SIGSETJMP 1
| #define HAVE_LSTAT 1
| /* end confdefs.h.  */
| 
| #ifdef HAVE_LOCALE_H
| #include <locale.h>
| #endif
| #include <stdio.h>
| #include <ctype.h>
| 
| main(c, v)
| int	c;
| char	*v[];
| {
| 	char	*deflocale;
| 	unsigned char x;
| 	int	r1, r2;
| 
| #ifdef HAVE_SETLOCALE
| 	/* We take a shot here.  If that locale is not known, try the
| 	   system default.  We try this one because '\342' (226) is
| 	   known to be a printable character in that locale. */
| 	deflocale = setlocale(LC_ALL, "en_US.ISO8859-1");
| 	if (deflocale == 0)
| 		deflocale = setlocale(LC_ALL, "");
| #endif
| 
| 	x = '\342';
| 	r1 = isprint(x);
| 	x -= 128;
| 	r2 = isprint(x);
| 	exit (r1 == 0 || r2 == 0);
| }
| 
configure:4935: result: no
configure:4945: checking whether getpw functions are declared in pwd.h
configure:4975: result: yes
configure:4985: checking whether termios.h defines TIOCGWINSZ
configure:5013: result: no
configure:5017: checking whether sys/ioctl.h defines TIOCGWINSZ
configure:5045: result: yes
configure:5058: checking whether signal handlers are of type void
configure:5088: gcc -c -g -O  conftest.c >&5
configure:5091: $? = 0
configure:5094: test -s conftest.o
configure:5097: $? = 0
configure:5108: result: yes
configure:5117: checking for TIOCSTAT in sys/ioctl.h
configure:5140: gcc -c -g -O  conftest.c >&5
configure: In function 'main':
configure:5181:9: error: 'TIOCSTAT' undeclared (first use in this function); did you mean 'TIOCSTI'?
 /* end confdefs.h.  */
         ^~~~~~~~
         TIOCSTI
configure:5181:9: note: each undeclared identifier is reported only once for each function it appears in
configure:5143: $? = 1
configure: failed program was:
| #line 5122 "configure"
| /* confdefs.h.  */
| 
| #define PACKAGE_NAME "readline"
| #define PACKAGE_TARNAME "readline"
| #define PACKAGE_VERSION "5.0-rc1"
| #define PACKAGE_STRING "readline 5.0-rc1"
| #define PACKAGE_BUGREPORT "bug-readline@gnu.org"
| #define STDC_HEADERS 1
| #define HAVE_SYS_TYPES_H 1
| #define HAVE_SYS_STAT_H 1
| #define HAVE_STDLIB_H 1
| #define HAVE_STRING_H 1
| #define HAVE_MEMORY_H 1
| #define HAVE_STRINGS_H 1
| #define HAVE_INTTYPES_H 1
| #define HAVE_STDINT_H 1
| #define HAVE_UNISTD_H 1
| #define PROTOTYPES 1
| #define __PROTOTYPES 1
| #define RETSIGTYPE void
| #define STDC_HEADERS 1
| #define HAVE_DIRENT_H 1
| #define HAVE_LSTAT 1
| #define HAVE_MEMMOVE 1
| #define HAVE_PUTENV 1
| #define HAVE_SELECT 1
| #define HAVE_SETENV 1
| #define HAVE_SETLOCALE 1
| #define HAVE_STRCASECMP 1
| #define HAVE_STRPBRK 1
| #define HAVE_TCGETATTR 1
| #define HAVE_VSNPRINTF 1
| #define HAVE_ISASCII 1
| #define HAVE_ISXDIGIT 1
| #define HAVE_STRCOLL 1
| #define HAVE_UNISTD_H 1
| #define HAVE_STDLIB_H 1
| #define HAVE_STDARG_H 1
| #define HAVE_STRING_H 1
| #define HAVE_STRINGS_H 1
| #define HAVE_LIMITS_H 1
| #define HAVE_SYS_SELECT_H 1
| #define HAVE_TERMIOS_H 1
| #define HAVE_TERMIO_H 1
| #define HAVE_SYS_FILE_H 1
| #define HAVE_LOCALE_H 1
| #define HAVE_MEMORY_H 1
| #define HAVE_POSIX_SIGNALS 1
| #define HAVE_POSIX_SIGSETJMP 1
| #define HAVE_LSTAT 1
| #define HAVE_GETPW_DECLS 1
| #define GWINSZ_IN_SYS_IOCTL 1
| #define VOID_SIGHANDLER 1
| /* end confdefs.h.  */
| #include <sys/types.h>
| #include <sys/ioctl.h>
| int
| main ()
| {
| int x = TIOCSTAT;
|   ;
|   return 0;
| }
configure:5161: result: no
configure:5170: checking for FIONREAD in sys/ioctl.h
configure:5193: gcc -c -g -O  conftest.c >&5
configure:5196: $? = 0
configure:5199: test -s conftest.o
configure:5202: $? = 0
configure:5214: result: yes
configure:5223: checking for speed_t in sys/types.h
configure:5245: gcc -c -g -O  conftest.c >&5
configure: In function 'main':
configure:5287:1: error: unknown type name 'speed_t'; did you mean 'size_t'?
 #include <sys/types.h>
 ^~~~~~~
 size_t
configure:5248: $? = 1
configure: failed program was:
| #line 5228 "configure"
| /* confdefs.h.  */
| 
| #define PACKAGE_NAME "readline"
| #define PACKAGE_TARNAME "readline"
| #define PACKAGE_VERSION "5.0-rc1"
| #define PACKAGE_STRING "readline 5.0-rc1"
| #define PACKAGE_BUGREPORT "bug-readline@gnu.org"
| #define STDC_HEADERS 1
| #define HAVE_SYS_TYPES_H 1
| #define HAVE_SYS_STAT_H 1
| #define HAVE_STDLIB_H 1
| #define HAVE_STRING_H 1
| #define HAVE_MEMORY_H 1
| #define HAVE_STRINGS_H 1
| #define HAVE_INTTYPES_H 1
| #define HAVE_STDINT_H 1
| #define HAVE_UNISTD_H 1
| #define PROTOTYPES 1
| #define __PROTOTYPES 1
| #define RETSIGTYPE void
| #define STDC_HEADERS 1
| #define HAVE_DIRENT_H 1
| #define HAVE_LSTAT 1
| #define HAVE_MEMMOVE 1
| #define HAVE_PUTENV 1
| #define HAVE_SELECT 1
| #define HAVE_SETENV 1
| #define HAVE_SETLOCALE 1
| #define HAVE_STRCASECMP 1
| #define HAVE_STRPBRK 1
| #define HAVE_TCGETATTR 1
| #define HAVE_VSNPRINTF 1
| #define HAVE_ISASCII 1
| #define HAVE_ISXDIGIT 1
| #define HAVE_STRCOLL 1
| #define HAVE_UNISTD_H 1
| #define HAVE_STDLIB_H 1
| #define HAVE_STDARG_H 1
| #define HAVE_STRING_H 1
| #define HAVE_STRINGS_H 1
| #define HAVE_LIMITS_H 1
| #define HAVE_SYS_SELECT_H 1
| #define HAVE_TERMIOS_H 1
| #define HAVE_TERMIO_H 1
| #define HAVE_SYS_FILE_H 1
| #define HAVE_LOCALE_H 1
| #define HAVE_MEMORY_H 1
| #define HAVE_POSIX_SIGNALS 1
| #define HAVE_POSIX_SIGSETJMP 1
| #define HAVE_LSTAT 1
| #define HAVE_GETPW_DECLS 1
| #define GWINSZ_IN_SYS_IOCTL 1
| #define VOID_SIGHANDLER 1
| #define FIONREAD_IN_SYS_IOCTL 1
| /* end confdefs.h.  */
| #include <sys/types.h>
| int
| main ()
| {
| speed_t x;
|   ;
|   return 0;
| }
configure:5266: result: no
configure:5275: checking for struct winsize in sys/ioctl.h and termios.h
configure:5298: gcc -c -g -O  conftest.c >&5
configure:5301: $? = 0
configure:5304: test -s conftest.o
configure:5307: $? = 0
configure:5357: result: sys/ioctl.h
configure:5376: checking for struct dirent.d_ino
configure:5420: gcc -c -g -O  conftest.c >&5
configure:5423: $? = 0
configure:5426: test -s conftest.o
configure:5429: $? = 0
configure:5441: result: yes
configure:5451: checking for struct dirent.d_fileno
configure:5495: gcc -c -g -O  conftest.c >&5
configure:5498: $? = 0
configure:5501: test -s conftest.o
configure:5504: $? = 0
configure:5516: result: yes
configure:5540: checking for tgetent
configure:5590: gcc -o conftest -g -O   conftest.c  >&5
/tmp/ccIBO7ft.o: In function `main':
/home/andrea/Dropbox/Work/DOP-E_package/Inversion/serial/NA/src/hv_subs/PROGRAMS.330/readline-5.0/configure:5635: undefined reference to `tgetent'
/tmp/ccIBO7ft.o:/home/andrea/Dropbox/Work/DOP-E_package/Inversion/serial/NA/src/hv_subs/PROGRAMS.330/readline-5.0/configure:5626: undefined reference to `tgetent'
collect2: error: ld returned 1 exit status
configure:5593: $? = 1
configure: failed program was:
| #line 5545 "configure"
| /* confdefs.h.  */
| 
| #define PACKAGE_NAME "readline"
| #define PACKAGE_TARNAME "readline"
| #define PACKAGE_VERSION "5.0-rc1"
| #define PACKAGE_STRING "readline 5.0-rc1"
| #define PACKAGE_BUGREPORT "bug-readline@gnu.org"
| #define STDC_HEADERS 1
| #define HAVE_SYS_TYPES_H 1
| #define HAVE_SYS_STAT_H 1
| #define HAVE_STDLIB_H 1
| #define HAVE_STRING_H 1
| #define HAVE_MEMORY_H 1
| #define HAVE_STRINGS_H 1
| #define HAVE_INTTYPES_H 1
| #define HAVE_STDINT_H 1
| #define HAVE_UNISTD_H 1
| #define PROTOTYPES 1
| #define __PROTOTYPES 1
| #define RETSIGTYPE void
| #define STDC_HEADERS 1
| #define HAVE_DIRENT_H 1
| #define HAVE_LSTAT 1
| #define HAVE_MEMMOVE 1
| #define HAVE_PUTENV 1
| #define HAVE_SELECT 1
| #define HAVE_SETENV 1
| #define HAVE_SETLOCALE 1
| #define HAVE_STRCASECMP 1
| #define HAVE_STRPBRK 1
| #define HAVE_TCGETATTR 1
| #define HAVE_VSNPRINTF 1
| #define HAVE_ISASCII 1
| #define HAVE_ISXDIGIT 1
| #define HAVE_STRCOLL 1
| #define HAVE_UNISTD_H 1
| #define HAVE_STDLIB_H 1
| #define HAVE_STDARG_H 1
| #define HAVE_STRING_H 1
| #define HAVE_STRINGS_H 1
| #define HAVE_LIMITS_H 1
| #define HAVE_SYS_SELECT_H 1
| #define HAVE_TERMIOS_H 1
| #define HAVE_TERMIO_H 1
| #define HAVE_SYS_FILE_H 1
| #define HAVE_LOCALE_H 1
| #define HAVE_MEMORY_H 1
| #define HAVE_POSIX_SIGNALS 1
| #define HAVE_POSIX_SIGSETJMP 1
| #define HAVE_LSTAT 1
| #define HAVE_GETPW_DECLS 1
| #define GWINSZ_IN_SYS_IOCTL 1
| #define VOID_SIGHANDLER 1
| #define FIONREAD_IN_SYS_IOCTL 1
| #define STRUCT_WINSIZE_IN_SYS_IOCTL 1
| #define HAVE_STRUCT_DIRENT_D_INO 1
| #define HAVE_STRUCT_DIRENT_D_FILENO 1
| /* end confdefs.h.  */
| /* System header to define __stub macros and hopefully few prototypes,
|     which can conflict with char tgetent (); below.
|     Prefer <limits.h> to <assert.h> if __STDC__ is defined, since
|     <limits.h> exists even on freestanding compilers.  */
| #ifdef __STDC__
| # include <limits.h>
| #else
| # include <assert.h>
| #endif
| /* Override any gcc2 internal prototype to avoid an error.  */
| #ifdef __cplusplus
| extern "C"
| {
| #endif
| /* We use char because int might match the return type of a gcc2
|    builtin and then its argument prototype would still apply.  */
| char tgetent ();
| /* The GNU C library defines this for functions which it implements
|     to always fail with ENOSYS.  Some functions are actually named
|     something starting with __ and the normal name is an alias.  */
| #if defined (__stub_tgetent) || defined (__stub___tgetent)
| choke me
| #else
| char (*f) () = tgetent;
| #endif
| #ifdef __cplusplus
| }
| #endif
| 
| int
| main ()
| {
| return f != tgetent;
|   ;
|   return 0;
| }
configure:5610: result: no
configure:5615: checking for tgetent in -ltermcap
configure:5646: gcc -o conftest -g -O   conftest.c -ltermcap   >&5
/usr/bin/ld: cannot find -ltermcap
collect2: error: ld returned 1 exit status
configure:5649: $? = 1
configure: failed program was:
| #line 5622 "configure"
| /* confdefs.h.  */
| 
| #define PACKAGE_NAME "readline"
| #define PACKAGE_TARNAME "readline"
| #define PACKAGE_VERSION "5.0-rc1"
| #define PACKAGE_STRING "readline 5.0-rc1"
| #define PACKAGE_BUGREPORT "bug-readline@gnu.org"
| #define STDC_HEADERS 1
| #define HAVE_SYS_TYPES_H 1
| #define HAVE_SYS_STAT_H 1
| #define HAVE_STDLIB_H 1
| #define HAVE_STRING_H 1
| #define HAVE_MEMORY_H 1
| #define HAVE_STRINGS_H 1
| #define HAVE_INTTYPES_H 1
| #define HAVE_STDINT_H 1
| #define HAVE_UNISTD_H 1
| #define PROTOTYPES 1
| #define __PROTOTYPES 1
| #define RETSIGTYPE void
| #define STDC_HEADERS 1
| #define HAVE_DIRENT_H 1
| #define HAVE_LSTAT 1
| #define HAVE_MEMMOVE 1
| #define HAVE_PUTENV 1
| #define HAVE_SELECT 1
| #define HAVE_SETENV 1
| #define HAVE_SETLOCALE 1
| #define HAVE_STRCASECMP 1
| #define HAVE_STRPBRK 1
| #define HAVE_TCGETATTR 1
| #define HAVE_VSNPRINTF 1
| #define HAVE_ISASCII 1
| #define HAVE_ISXDIGIT 1
| #define HAVE_STRCOLL 1
| #define HAVE_UNISTD_H 1
| #define HAVE_STDLIB_H 1
| #define HAVE_STDARG_H 1
| #define HAVE_STRING_H 1
| #define HAVE_STRINGS_H 1
| #define HAVE_LIMITS_H 1
| #define HAVE_SYS_SELECT_H 1
| #define HAVE_TERMIOS_H 1
| #define HAVE_TERMIO_H 1
| #define HAVE_SYS_FILE_H 1
| #define HAVE_LOCALE_H 1
| #define HAVE_MEMORY_H 1
| #define HAVE_POSIX_SIGNALS 1
| #define HAVE_POSIX_SIGSETJMP 1
| #define HAVE_LSTAT 1
| #define HAVE_GETPW_DECLS 1
| #define GWINSZ_IN_SYS_IOCTL 1
| #define VOID_SIGHANDLER 1
| #define FIONREAD_IN_SYS_IOCTL 1
| #define STRUCT_WINSIZE_IN_SYS_IOCTL 1
| #define HAVE_STRUCT_DIRENT_D_INO 1
| #define HAVE_STRUCT_DIRENT_D_FILENO 1
| /* end confdefs.h.  */
| 
| /* Override any gcc2 internal prototype to avoid an error.  */
| #ifdef __cplusplus
| extern "C"
| #endif
| /* We use char because int might match the return type of a gcc2
|    builtin and then its argument prototype would still apply.  */
| char tgetent ();
| int
| main ()
| {
| tgetent ();
|   ;
|   return 0;
| }
configure:5667: result: no
configure:5672: checking for tgetent in -ltinfo
configure:5703: gcc -o conftest -g -O   conftest.c -ltinfo   >&5
/usr/bin/ld: cannot find -ltinfo
collect2: error: ld returned 1 exit status
configure:5706: $? = 1
configure: failed program was:
| #line 5679 "configure"
| /* confdefs.h.  */
| 
| #define PACKAGE_NAME "readline"
| #define PACKAGE_TARNAME "readline"
| #define PACKAGE_VERSION "5.0-rc1"
| #define PACKAGE_STRING "readline 5.0-rc1"
| #define PACKAGE_BUGREPORT "bug-readline@gnu.org"
| #define STDC_HEADERS 1
| #define HAVE_SYS_TYPES_H 1
| #define HAVE_SYS_STAT_H 1
| #define HAVE_STDLIB_H 1
| #define HAVE_STRING_H 1
| #define HAVE_MEMORY_H 1
| #define HAVE_STRINGS_H 1
| #define HAVE_INTTYPES_H 1
| #define HAVE_STDINT_H 1
| #define HAVE_UNISTD_H 1
| #define PROTOTYPES 1
| #define __PROTOTYPES 1
| #define RETSIGTYPE void
| #define STDC_HEADERS 1
| #define HAVE_DIRENT_H 1
| #define HAVE_LSTAT 1
| #define HAVE_MEMMOVE 1
| #define HAVE_PUTENV 1
| #define HAVE_SELECT 1
| #define HAVE_SETENV 1
| #define HAVE_SETLOCALE 1
| #define HAVE_STRCASECMP 1
| #define HAVE_STRPBRK 1
| #define HAVE_TCGETATTR 1
| #define HAVE_VSNPRINTF 1
| #define HAVE_ISASCII 1
| #define HAVE_ISXDIGIT 1
| #define HAVE_STRCOLL 1
| #define HAVE_UNISTD_H 1
| #define HAVE_STDLIB_H 1
| #define HAVE_STDARG_H 1
| #define HAVE_STRING_H 1
| #define HAVE_STRINGS_H 1
| #define HAVE_LIMITS_H 1
| #define HAVE_SYS_SELECT_H 1
| #define HAVE_TERMIOS_H 1
| #define HAVE_TERMIO_H 1
| #define HAVE_SYS_FILE_H 1
| #define HAVE_LOCALE_H 1
| #define HAVE_MEMORY_H 1
| #define HAVE_POSIX_SIGNALS 1
| #define HAVE_POSIX_SIGSETJMP 1
| #define HAVE_LSTAT 1
| #define HAVE_GETPW_DECLS 1
| #define GWINSZ_IN_SYS_IOCTL 1
| #define VOID_SIGHANDLER 1
| #define FIONREAD_IN_SYS_IOCTL 1
| #define STRUCT_WINSIZE_IN_SYS_IOCTL 1
| #define HAVE_STRUCT_DIRENT_D_INO 1
| #define HAVE_STRUCT_DIRENT_D_FILENO 1
| /* end confdefs.h.  */
| 
| /* Override any gcc2 internal prototype to avoid an error.  */
| #ifdef __cplusplus
| extern "C"
| #endif
| /* We use char because int might match the return type of a gcc2
|    builtin and then its argument prototype would still apply.  */
| char tgetent ();
| int
| main ()
| {
| tgetent ();
|   ;
|   return 0;
| }
configure:5724: result: no
configure:5729: checking for tgetent in -lcurses
configure:5760: gcc -o conftest -g -O   conftest.c -lcurses   >&5
/usr/bin/ld: cannot find -lcurses
collect2: error: ld returned 1 exit status
configure:5763: $? = 1
configure: failed program was:
| #line 5736 "configure"
| /* confdefs.h.  */
| 
| #define PACKAGE_NAME "readline"
| #define PACKAGE_TARNAME "readline"
| #define PACKAGE_VERSION "5.0-rc1"
| #define PACKAGE_STRING "readline 5.0-rc1"
| #define PACKAGE_BUGREPORT "bug-readline@gnu.org"
| #define STDC_HEADERS 1
| #define HAVE_SYS_TYPES_H 1
| #define HAVE_SYS_STAT_H 1
| #define HAVE_STDLIB_H 1
| #define HAVE_STRING_H 1
| #define HAVE_MEMORY_H 1
| #define HAVE_STRINGS_H 1
| #define HAVE_INTTYPES_H 1
| #define HAVE_STDINT_H 1
| #define HAVE_UNISTD_H 1
| #define PROTOTYPES 1
| #define __PROTOTYPES 1
| #define RETSIGTYPE void
| #define STDC_HEADERS 1
| #define HAVE_DIRENT_H 1
| #define HAVE_LSTAT 1
| #define HAVE_MEMMOVE 1
| #define HAVE_PUTENV 1
| #define HAVE_SELECT 1
| #define HAVE_SETENV 1
| #define HAVE_SETLOCALE 1
| #define HAVE_STRCASECMP 1
| #define HAVE_STRPBRK 1
| #define HAVE_TCGETATTR 1
| #define HAVE_VSNPRINTF 1
| #define HAVE_ISASCII 1
| #define HAVE_ISXDIGIT 1
| #define HAVE_STRCOLL 1
| #define HAVE_UNISTD_H 1
| #define HAVE_STDLIB_H 1
| #define HAVE_STDARG_H 1
| #define HAVE_STRING_H 1
| #define HAVE_STRINGS_H 1
| #define HAVE_LIMITS_H 1
| #define HAVE_SYS_SELECT_H 1
| #define HAVE_TERMIOS_H 1
| #define HAVE_TERMIO_H 1
| #define HAVE_SYS_FILE_H 1
| #define HAVE_LOCALE_H 1
| #define HAVE_MEMORY_H 1
| #define HAVE_POSIX_SIGNALS 1
| #define HAVE_POSIX_SIGSETJMP 1
| #define HAVE_LSTAT 1
| #define HAVE_GETPW_DECLS 1
| #define GWINSZ_IN_SYS_IOCTL 1
| #define VOID_SIGHANDLER 1
| #define FIONREAD_IN_SYS_IOCTL 1
| #define STRUCT_WINSIZE_IN_SYS_IOCTL 1
| #define HAVE_STRUCT_DIRENT_D_INO 1
| #define HAVE_STRUCT_DIRENT_D_FILENO 1
| /* end confdefs.h.  */
| 
| /* Override any gcc2 internal prototype to avoid an error.  */
| #ifdef __cplusplus
| extern "C"
| #endif
| /* We use char because int might match the return type of a gcc2
|    builtin and then its argument prototype would still apply.  */
| char tgetent ();
| int
| main ()
| {
| tgetent ();
|   ;
|   return 0;
| }
configure:5781: result: no
configure:5786: checking for tgetent in -lncurses
configure:5817: gcc -o conftest -g -O   conftest.c -lncurses   >&5
/usr/bin/ld: cannot find -lncurses
collect2: error: ld returned 1 exit status
configure:5820: $? = 1
configure: failed program was:
| #line 5793 "configure"
| /* confdefs.h.  */
| 
| #define PACKAGE_NAME "readline"
| #define PACKAGE_TARNAME "readline"
| #define PACKAGE_VERSION "5.0-rc1"
| #define PACKAGE_STRING "readline 5.0-rc1"
| #define PACKAGE_BUGREPORT "bug-readline@gnu.org"
| #define STDC_HEADERS 1
| #define HAVE_SYS_TYPES_H 1
| #define HAVE_SYS_STAT_H 1
| #define HAVE_STDLIB_H 1
| #define HAVE_STRING_H 1
| #define HAVE_MEMORY_H 1
| #define HAVE_STRINGS_H 1
| #define HAVE_INTTYPES_H 1
| #define HAVE_STDINT_H 1
| #define HAVE_UNISTD_H 1
| #define PROTOTYPES 1
| #define __PROTOTYPES 1
| #define RETSIGTYPE void
| #define STDC_HEADERS 1
| #define HAVE_DIRENT_H 1
| #define HAVE_LSTAT 1
| #define HAVE_MEMMOVE 1
| #define HAVE_PUTENV 1
| #define HAVE_SELECT 1
| #define HAVE_SETENV 1
| #define HAVE_SETLOCALE 1
| #define HAVE_STRCASECMP 1
| #define HAVE_STRPBRK 1
| #define HAVE_TCGETATTR 1
| #define HAVE_VSNPRINTF 1
| #define HAVE_ISASCII 1
| #define HAVE_ISXDIGIT 1
| #define HAVE_STRCOLL 1
| #define HAVE_UNISTD_H 1
| #define HAVE_STDLIB_H 1
| #define HAVE_STDARG_H 1
| #define HAVE_STRING_H 1
| #define HAVE_STRINGS_H 1
| #define HAVE_LIMITS_H 1
| #define HAVE_SYS_SELECT_H 1
| #define HAVE_TERMIOS_H 1
| #define HAVE_TERMIO_H 1
| #define HAVE_SYS_FILE_H 1
| #define HAVE_LOCALE_H 1
| #define HAVE_MEMORY_H 1
| #define HAVE_POSIX_SIGNALS 1
| #define HAVE_POSIX_SIGSETJMP 1
| #define HAVE_LSTAT 1
| #define HAVE_GETPW_DECLS 1
| #define GWINSZ_IN_SYS_IOCTL 1
| #define VOID_SIGHANDLER 1
| #define FIONREAD_IN_SYS_IOCTL 1
| #define STRUCT_WINSIZE_IN_SYS_IOCTL 1
| #define HAVE_STRUCT_DIRENT_D_INO 1
| #define HAVE_STRUCT_DIRENT_D_FILENO 1
| /* end confdefs.h.  */
| 
| /* Override any gcc2 internal prototype to avoid an error.  */
| #ifdef __cplusplus
| extern "C"
| #endif
| /* We use char because int might match the return type of a gcc2
|    builtin and then its argument prototype would still apply.  */
| char tgetent ();
| int
| main ()
| {
| tgetent ();
|   ;
|   return 0;
| }
configure:5838: result: no
configure:5857: checking which library has the termcap functions
configure:5860: result: using gnutermcap
configure:5906: checking wctype.h usability
configure:5919: gcc -c -g -O  conftest.c >&5
configure:5922: $? = 0
configure:5925: test -s conftest.o
configure:5928: $? = 0
configure:5938: result: yes
configure:5942: checking wctype.h presence
configure:5953: gcc -E  conftest.c
configure:5959: $? = 0
configure:5978: result: yes
configure:6014: checking for wctype.h
configure:6021: result: yes
configure:6048: checking wchar.h usability
configure:6061: gcc -c -g -O  conftest.c >&5
configure:6064: $? = 0
configure:6067: test -s conftest.o
configure:6070: $? = 0
configure:6080: result: yes
configure:6084: checking wchar.h presence
configure:6095: gcc -E  conftest.c
configure:6101: $? = 0
configure:6120: result: yes
configure:6156: checking for wchar.h
configure:6163: result: yes
configure:6190: checking langinfo.h usability
configure:6203: gcc -c -g -O  conftest.c >&5
configure:6206: $? = 0
configure:6209: test -s conftest.o
configure:6212: $? = 0
configure:6222: result: yes
configure:6226: checking langinfo.h presence
configure:6237: gcc -E  conftest.c
configure:6243: $? = 0
configure:6262: result: yes
configure:6298: checking for langinfo.h
configure:6305: result: yes
configure:6319: checking for mbsrtowcs
configure:6369: gcc -o conftest -g -O   -L./lib/termcap conftest.c  >&5
configure:6372: $? = 0
configure:6375: test -s conftest
configure:6378: $? = 0
configure:6389: result: yes
configure:6398: checking for mbrtowc
configure:6448: gcc -o conftest -g -O   -L./lib/termcap conftest.c  >&5
configure:6451: $? = 0
configure:6454: test -s conftest
configure:6457: $? = 0
configure:6468: result: yes
configure:6477: checking for mbrlen
configure:6527: gcc -o conftest -g -O   -L./lib/termcap conftest.c  >&5
configure:6530: $? = 0
configure:6533: test -s conftest
configure:6536: $? = 0
configure:6547: result: yes
configure:6556: checking for wctomb
configure:6606: gcc -o conftest -g -O   -L./lib/termcap conftest.c  >&5
configure:6609: $? = 0
configure:6612: test -s conftest
configure:6615: $? = 0
configure:6626: result: yes
configure:6635: checking for wcwidth
configure:6685: gcc -o conftest -g -O   -L./lib/termcap conftest.c  >&5
configure:6688: $? = 0
configure:6691: test -s conftest
configure:6694: $? = 0
configure:6705: result: yes
configure:6714: checking for wcsdup
configure:6764: gcc -o conftest -g -O   -L./lib/termcap conftest.c  >&5
configure:6767: $? = 0
configure:6770: test -s conftest
configure:6773: $? = 0
configure:6784: result: yes
configure:6794: checking for mbstate_t
configure:6821: gcc -c -g -O  conftest.c >&5
configure:6824: $? = 0
configure:6827: test -s conftest.o
configure:6830: $? = 0
configure:6841: result: yes
configure:6850: checking for nl_langinfo and CODESET
configure:6872: gcc -o conftest -g -O   -L./lib/termcap conftest.c  >&5
configure:6875: $? = 0
configure:6878: test -s conftest
configure:6881: $? = 0
configure:6892: result: yes
configure:6918: checking configuration for building shared libraries
configure:6933: result: supported
configure:7083: creating ./config.status

## ---------------------- ##
## Running config.status. ##
## ---------------------- ##

This file was extended by readline config.status 5.0-rc1, which was
generated by GNU Autoconf 2.57.  Invocation command line was

  CONFIG_FILES    = 
  CONFIG_HEADERS  = 
  CONFIG_LINKS    = 
  CONFIG_COMMANDS = 
  $ ./config.status 

on andrea-XPS-13

config.status:662: creating Makefile
config.status:662: creating doc/Makefile
config.status:662: creating examples/Makefile
config.status:662: creating shlib/Makefile
config.status:766: creating config.h
config.status:987: config.h is unchanged
config.status:1087: executing default commands

## ---------------- ##
## Cache variables. ##
## ---------------- ##

ac_cv_build=x86_64-unknown-linux-gnu
ac_cv_build_alias=x86_64-unknown-linux-gnu
ac_cv_c_char_unsigned=no
ac_cv_c_compiler_gnu=yes
ac_cv_c_const=yes
ac_cv_env_CC_set=
ac_cv_env_CC_value=
ac_cv_env_CFLAGS_set=
ac_cv_env_CFLAGS_value=
ac_cv_env_CPPFLAGS_set=
ac_cv_env_CPPFLAGS_value=
ac_cv_env_CPP_set=
ac_cv_env_CPP_value=
ac_cv_env_LDFLAGS_set=
ac_cv_env_LDFLAGS_value=
ac_cv_env_build_alias_set=
ac_cv_env_build_alias_value=
ac_cv_env_host_alias_set=
ac_cv_env_host_alias_value=
ac_cv_env_target_alias_set=
ac_cv_env_target_alias_value=
ac_cv_exeext=
ac_cv_func_isascii=yes
ac_cv_func_isxdigit=yes
ac_cv_func_lstat=yes
ac_cv_func_mbrlen=yes
ac_cv_func_mbrtowc=yes
ac_cv_func_mbsrtowcs=yes
ac_cv_func_memmove=yes
ac_cv_func_putenv=yes
ac_cv_func_select=yes
ac_cv_func_setenv=yes
ac_cv_func_setlocale=yes
ac_cv_func_strcasecmp=yes
ac_cv_func_strcoll_works=yes
ac_cv_func_strpbrk=yes
ac_cv_func_tcgetattr=yes
ac_cv_func_tgetent=no
ac_cv_func_vsnprintf=yes
ac_cv_func_wcsdup=yes
ac_cv_func_wctomb=yes
ac_cv_func_wcwidth=yes
ac_cv_header_dirent_dirent_h=yes
ac_cv_header_inttypes_h=yes
ac_cv_header_langinfo_h=yes
ac_cv_header_limits_h=yes
ac_cv_header_locale_h=yes
ac_cv_header_memory_h=yes
ac_cv_header_minix_config_h=no
ac_cv_header_stat_broken=no
ac_cv_header_stdarg_h=yes
ac_cv_header_stdc=yes
ac_cv_header_stdint_h=yes
ac_cv_header_stdlib_h=yes
ac_cv_header_string_h=yes
ac_cv_header_strings_h=yes
ac_cv_header_sys_file_h=yes
ac_cv_header_sys_pte_h=no
ac_cv_header_sys_ptem_h=no
ac_cv_header_sys_select_h=yes
ac_cv_header_sys_stat_h=yes
ac_cv_header_sys_stream_h=no
ac_cv_header_sys_types_h=yes
ac_cv_header_termcap_h=no
ac_cv_header_termio_h=yes
ac_cv_header_termios_h=yes
ac_cv_header_unistd_h=yes
ac_cv_header_varargs_h=no
ac_cv_header_wchar_h=yes
ac_cv_header_wctype_h=yes
ac_cv_host=x86_64-unknown-linux-gnu
ac_cv_host_alias=x86_64-unknown-linux-gnu
ac_cv_lib_curses_tgetent=no
ac_cv_lib_ncurses_tgetent=no
ac_cv_lib_termcap_tgetent=no
ac_cv_lib_tinfo_tgetent=no
ac_cv_objext=o
ac_cv_path_install='/usr/bin/install -c'
ac_cv_prog_AR=ar
ac_cv_prog_CPP='gcc -E'
ac_cv_prog_ac_ct_CC=gcc
ac_cv_prog_ac_ct_RANLIB=ranlib
ac_cv_prog_cc_g=yes
ac_cv_prog_cc_stdc=
ac_cv_prog_egrep='grep -E'
ac_cv_prog_gcc_traditional=no
ac_cv_prog_make_make_set=yes
ac_cv_search_opendir='none required'
ac_cv_sys_tiocgwinsz_in_sys_ioctl_h=yes
ac_cv_sys_tiocgwinsz_in_termios_h=no
ac_cv_type_signal=void
ac_cv_type_size_t=yes
ac_cv_type_ssize_t=yes
bash_cv_dirent_has_d_fileno=yes
bash_cv_dirent_has_dino=yes
bash_cv_fionread_in_ioctl=yes
bash_cv_func_ctype_nonascii=no
bash_cv_func_lstat=yes
bash_cv_func_sigsetjmp=present
bash_cv_func_strcoll_broken=no
bash_cv_getpw_declared=yes
bash_cv_have_mbstate_t=yes
bash_cv_langinfo_codeset=yes
bash_cv_must_reinstall_sighandlers=no
bash_cv_signal_vintage=posix
bash_cv_speed_t_in_sys_types=no
bash_cv_struct_winsize_header=ioctl_h
bash_cv_termcap_lib=gnutermcap
bash_cv_tiocstat_in_ioctl=no
bash_cv_void_sighandler=yes

## ----------------- ##
## Output variables. ##
## ----------------- ##

AR='ar'
ARFLAGS='cr'
BUILD_DIR='/home/andrea/Dropbox/Work/DOP-E_package/Inversion/serial/NA/src/hv_subs/PROGRAMS.330/readline-5.0'
CC='gcc'
CFLAGS='-g -O'
CPP='gcc -E'
CPPFLAGS=''
DEFS='-DHAVE_CONFIG_H'
ECHO_C=''
ECHO_N='-n'
ECHO_T=''
EGREP='grep -E'
EXEEXT=''
INSTALL_DATA='${INSTALL} -m 644'
INSTALL_PROGRAM='${INSTALL}'
INSTALL_SCRIPT='${INSTALL}'
LDFLAGS=' -L./lib/termcap'
LIBOBJS=''
LIBS=''
LIBVERSION='5.0'
LOCAL_CFLAGS=''
LOCAL_DEFS=''
LOCAL_LDFLAGS=''
LTLIBOBJS=''
MAKE_SHELL='/bin/sh'
OBJEXT='o'
PACKAGE_BUGREPORT='bug-readline@gnu.org'
PACKAGE_NAME='readline'
PACKAGE_STRING='readline 5.0-rc1'
PACKAGE_TARNAME='readline'
PACKAGE_VERSION='5.0-rc1'
PATH_SEPARATOR=':'
RANLIB='ranlib'
SET_MAKE=''
SHARED_INSTALL_TARGET='install-shared'
SHARED_TARGET='shared'
SHELL='/bin/bash'
SHLIB_LIBS=''
SHLIB_LIBSUFF='so'
SHLIB_LIBVERSION='$(SHLIB_LIBSUFF).$(SHLIB_MAJOR)$(SHLIB_MINOR)'
SHLIB_MAJOR='5'
SHLIB_MINOR='0'
SHLIB_STATUS='supported'
SHLIB_XLDFLAGS='-Wl,-rpath,$(libdir) -Wl,-soname,`basename $@ $(SHLIB_MINOR)`'
SHOBJ_CC='gcc'
SHOBJ_CFLAGS='-fPIC'
SHOBJ_LD='${CC}'
SHOBJ_LDFLAGS='-shared -Wl,-soname,$@'
SHOBJ_LIBS=''
SHOBJ_STATUS='supported'
SHOBJ_XLDFLAGS=''
STATIC_INSTALL_TARGET='install-static'
STATIC_TARGET='static'
TERMCAP_LIB='-ltermcap'
ac_ct_CC='gcc'
ac_ct_RANLIB='ranlib'
bindir='${exec_prefix}/bin'
build='x86_64-unknown-linux-gnu'
build_alias=''
build_cpu='x86_64'
build_os='linux-gnu'
build_vendor='unknown'
datadir='${prefix}/share'
exec_prefix='${prefix}'
host='x86_64-unknown-linux-gnu'
host_alias=''
host_cpu='x86_64'
host_os='linux-gnu'
host_vendor='unknown'
includedir='${prefix}/include'
infodir='${prefix}/info'
libdir='${exec_prefix}/lib'
libexecdir='${exec_prefix}/libexec'
localstatedir='${prefix}/var'
mandir='${prefix}/man'
oldincludedir='/usr/include'
prefix='..'
program_transform_name='s,x,x,'
sbindir='${exec_prefix}/sbin'
sharedstatedir='${prefix}/com'
sysconfdir='${prefix}/etc'
target_alias=''

## ----------- ##
## confdefs.h. ##
## ----------- ##

#define FIONREAD_IN_SYS_IOCTL 1
#define GWINSZ_IN_SYS_IOCTL 1
#define HAVE_DIRENT_H 1
#define HAVE_GETPW_DECLS 1
#define HAVE_INTTYPES_H 1
#define HAVE_ISASCII 1
#define HAVE_ISXDIGIT 1
#define HAVE_LANGINFO_CODESET 1
#define HAVE_LANGINFO_H 1
#define HAVE_LIMITS_H 1
#define HAVE_LOCALE_H 1
#define HAVE_LSTAT 1
#define HAVE_LSTAT 1
#define HAVE_MBRLEN 1
#define HAVE_MBRTOWC 1
#define HAVE_MBSRTOWCS 1
#define HAVE_MBSTATE_T 1
#define HAVE_MEMMOVE 1
#define HAVE_MEMORY_H 1
#define HAVE_MEMORY_H 1
#define HAVE_POSIX_SIGNALS 1
#define HAVE_POSIX_SIGSETJMP 1
#define HAVE_PUTENV 1
#define HAVE_SELECT 1
#define HAVE_SETENV 1
#define HAVE_SETLOCALE 1
#define HAVE_STDARG_H 1
#define HAVE_STDINT_H 1
#define HAVE_STDLIB_H 1
#define HAVE_STDLIB_H 1
#define HAVE_STRCASECMP 1
#define HAVE_STRCOLL 1
#define HAVE_STRINGS_H 1
#define HAVE_STRINGS_H 1
#define HAVE_STRING_H 1
#define HAVE_STRING_H 1
#define HAVE_STRPBRK 1
#define HAVE_STRUCT_DIRENT_D_FILENO 1
#define HAVE_STRUCT_DIRENT_D_INO 1
#define HAVE_SYS_FILE_H 1
#define HAVE_SYS_SELECT_H 1
#define HAVE_SYS_STAT_H 1
#define HAVE_SYS_TYPES_H 1
#define HAVE_TCGETATTR 1
#define HAVE_TERMIOS_H 1
#define HAVE_TERMIO_H 1
#define HAVE_UNISTD_H 1
#define HAVE_UNISTD_H 1
#define HAVE_VSNPRINTF 1
#define HAVE_WCHAR_H 1
#define HAVE_WCSDUP 1
#define HAVE_WCTOMB 1
#define HAVE_WCTYPE_H 1
#define HAVE_WCWIDTH 1
#define PACKAGE_BUGREPORT "bug-readline@gnu.org"
#define PACKAGE_NAME "readline"
#define PACKAGE_STRING "readline 5.0-rc1"
#define PACKAGE_TARNAME "readline"
#define PACKAGE_VERSION "5.0-rc1"
#define PROTOTYPES 1
#define RETSIGTYPE void
#define STDC_HEADERS 1
#define STDC_HEADERS 1
#define STRUCT_WINSIZE_IN_SYS_IOCTL 1
#define VOID_SIGHANDLER 1
#define __PROTOTYPES 1

configure: exit 0
